2017-05-30 18:09:25,054 Initializing...
2017-05-30 18:09:25,054 Welcome to the Merkel Tree demo!
2017-05-30 18:09:25,054 Initializing tree...
2017-05-30 18:09:25,054 creating tree with 8 data blocks
2017-05-30 18:09:25,054 tree initialization complete
2017-05-30 18:09:25,054 client initialization complete
2017-05-30 18:09:25,054 reading block #2
2017-05-30 18:09:25,055 read None <- block #2
2017-05-30 18:09:25,055 valid!
2017-05-30 18:09:25,055 writing 41821582 -> block #2
2017-05-30 18:09:25,055 data block 2 <- value 41821582
2017-05-30 18:09:25,055 reading block #2
2017-05-30 18:09:25,055 read 41821582 <- block #2
2017-05-30 18:09:25,055 invalid!
2017-05-30 18:09:25,055 reading block #2
2017-05-30 18:09:25,055 read 41821582 <- block #2
2017-05-30 18:09:25,056 invalid!
2017-05-30 18:09:25,056 writing 17082844 -> block #2
2017-05-30 18:09:25,056 data block 2 <- value 17082844
2017-05-30 18:09:25,056 reading block #2
2017-05-30 18:09:25,056 read 17082844 <- block #2
2017-05-30 18:09:25,056 invalid!
2017-05-30 18:09:25,056 reading block #4
2017-05-30 18:09:25,056 read None <- block #4
2017-05-30 18:09:25,056 invalid!
2017-05-30 18:09:25,056 writing 31298589 -> block #4
2017-05-30 18:09:25,057 data block 4 <- value 31298589
2017-05-30 18:09:25,057 reading block #4
2017-05-30 18:09:25,057 read 31298589 <- block #4
2017-05-30 18:09:25,057 invalid!
2017-05-30 18:09:32,282 Initializing...
2017-05-30 18:09:32,282 Welcome to the Merkel Tree demo!
2017-05-30 18:09:32,282 Initializing tree...
2017-05-30 18:09:32,282 creating tree with 8 data blocks
2017-05-30 18:09:32,283 tree initialization complete
2017-05-30 18:09:32,283 client initialization complete
2017-05-30 18:09:32,283 reading block #1
2017-05-30 18:09:32,283 read None <- block #1
2017-05-30 18:09:32,283 valid!
2017-05-30 18:09:32,283 writing 85036875 -> block #1
2017-05-30 18:09:32,283 data block 1 <- value 85036875
2017-05-30 18:09:32,283 reading block #1
2017-05-30 18:09:32,283 read 85036875 <- block #1
2017-05-30 18:09:32,283 invalid!
2017-05-30 18:09:32,283 reading block #3
2017-05-30 18:09:32,283 read None <- block #3
2017-05-30 18:09:32,284 invalid!
2017-05-30 18:09:32,284 writing 21522165 -> block #3
2017-05-30 18:09:32,284 data block 3 <- value 21522165
2017-05-30 18:09:32,284 reading block #3
2017-05-30 18:09:32,284 read 21522165 <- block #3
2017-05-30 18:09:32,284 invalid!
2017-05-30 18:09:32,284 reading block #5
2017-05-30 18:09:32,284 read None <- block #5
2017-05-30 18:09:32,284 invalid!
2017-05-30 18:09:32,284 writing 62220251 -> block #5
2017-05-30 18:09:32,284 data block 5 <- value 62220251
2017-05-30 18:09:32,284 reading block #5
2017-05-30 18:09:32,284 read 62220251 <- block #5
2017-05-30 18:09:32,285 invalid!
2017-05-30 18:10:26,444 Initializing...
2017-05-30 18:10:26,444 Welcome to the Merkel Tree demo!
2017-05-30 18:10:26,444 Initializing tree...
2017-05-30 18:10:26,445 creating tree with 8 data blocks
2017-05-30 18:10:26,445 tree initialization complete
2017-05-30 18:10:26,445 client initialization complete
2017-05-30 18:10:26,445 reading block #2
2017-05-30 18:10:26,445 read None <- block #2
2017-05-30 18:10:26,445 valid!
2017-05-30 18:10:26,445 writing 47949688 -> block #2
2017-05-30 18:10:26,446 data block 2 <- value 47949688
2017-05-30 18:10:26,446 reading block #2
2017-05-30 18:10:26,446 read 47949688 <- block #2
2017-05-30 18:10:26,446 valid!
2017-05-30 18:10:26,446 reading block #1
2017-05-30 18:10:26,446 read None <- block #1
2017-05-30 18:10:26,446 valid!
2017-05-30 18:10:26,446 writing 41922132 -> block #1
2017-05-30 18:10:26,446 data block 1 <- value 41922132
2017-05-30 18:10:26,447 reading block #1
2017-05-30 18:10:26,447 read 41922132 <- block #1
2017-05-30 18:10:26,447 valid!
2017-05-30 18:10:26,447 reading block #0
2017-05-30 18:10:26,447 read None <- block #0
2017-05-30 18:10:26,447 valid!
2017-05-30 18:10:26,447 writing 18052477 -> block #0
2017-05-30 18:10:26,447 data block 0 <- value 18052477
2017-05-30 18:10:26,447 reading block #0
2017-05-30 18:10:26,448 read 18052477 <- block #0
2017-05-30 18:10:26,448 valid!
